  [1m[35m (0.6ms)[0m  [1m[35mSET NAMES utf8mb4,  @@SESSION.sql_mode = CONCAT(CONCAT(@@sql_mode, ',STRICT_ALL_TABLES'), ',NO_AUTO_VALUE_ON_ZERO'),  @@SESSION.sql_auto_is_null = 0, @@SESSION.wait_timeout = 2147483[0m
  [1m[35m (0.4ms)[0m  [1m[35mCREATE DATABASE `online_forum_development` DEFAULT CHARACTER SET `utf8mb4`[0m
  [1m[35m (0.3ms)[0m  [1m[35mSET NAMES utf8mb4,  @@SESSION.sql_mode = CONCAT(CONCAT(@@sql_mode, ',STRICT_ALL_TABLES'), ',NO_AUTO_VALUE_ON_ZERO'),  @@SESSION.sql_auto_is_null = 0, @@SESSION.wait_timeout = 2147483[0m
  [1m[35m (0.3ms)[0m  [1m[35mCREATE DATABASE `online_forum_test` DEFAULT CHARACTER SET `utf8mb4`[0m
  [1m[35m (0.5ms)[0m  [1m[35mSET NAMES utf8mb4,  @@SESSION.sql_mode = CONCAT(CONCAT(@@sql_mode, ',STRICT_ALL_TABLES'), ',NO_AUTO_VALUE_ON_ZERO'),  @@SESSION.sql_auto_is_null = 0, @@SESSION.wait_timeout = 2147483[0m
  [1m[35m (49.3ms)[0m  [1m[35mCREATE TABLE `schema_migrations` (`version` varchar(255) NOT NULL PRIMARY KEY)[0m
  [1m[35m (34.5ms)[0m  [1m[35mCREATE TABLE `ar_internal_metadata` (`key` varchar(255) NOT NULL PRIMARY KEY, `value` varchar(255), `created_at` datetime(6) NOT NULL, `updated_at` datetime(6) NOT NULL)[0m
  [1m[35m (0.2ms)[0m  [1m[34mSELECT GET_LOCK('71922745599335190', 0)[0m
  [1m[35m (0.3ms)[0m  [1m[34mSELECT `schema_migrations`.`version` FROM `schema_migrations` ORDER BY `schema_migrations`.`version` ASC[0m
Migrating to DeviseCreateUsers (20200207134913)
  [1m[35m (23.5ms)[0m  [1m[35mCREATE TABLE `users` (`id` bigint NOT NULL AUTO_INCREMENT PRIMARY KEY, `email` varchar(255) DEFAULT '' NOT NULL, `encrypted_password` varchar(255) DEFAULT '' NOT NULL, `reset_password_token` varchar(255), `reset_password_sent_at` datetime, `remember_created_at` datetime, `created_at` datetime(6) NOT NULL, `updated_at` datetime(6) NOT NULL)[0m
  [1m[35m (21.5ms)[0m  [1m[35mCREATE UNIQUE INDEX `index_users_on_email`  ON `users` (`email`) [0m
  [1m[35m (23.7ms)[0m  [1m[35mCREATE UNIQUE INDEX `index_users_on_reset_password_token`  ON `users` (`reset_password_token`) [0m
  [1m[35m (4.0ms)[0m  [1m[35mBEGIN[0m
  [1m[36mprimary::SchemaMigration Create (3.8ms)[0m  [1m[32mINSERT INTO `schema_migrations` (`version`) VALUES ('20200207134913')[0m
  [1m[35m (3.0ms)[0m  [1m[35mCOMMIT[0m
  [1m[36mActiveRecord::InternalMetadata Load (1.2ms)[0m  [1m[34mSELECT `ar_internal_metadata`.* FROM `ar_internal_metadata` WHERE `ar_internal_metadata`.`key` = 'environment' LIMIT 1[0m
  [1m[35m (4.8ms)[0m  [1m[35mBEGIN[0m
  [1m[36mActiveRecord::InternalMetadata Create (2.9ms)[0m  [1m[32mINSERT INTO `ar_internal_metadata` (`key`, `value`, `created_at`, `updated_at`) VALUES ('environment', 'development', '2020-02-07 14:10:47.818332', '2020-02-07 14:10:47.818332')[0m
  [1m[35m (3.4ms)[0m  [1m[35mCOMMIT[0m
  [1m[35m (0.3ms)[0m  [1m[34mSELECT RELEASE_LOCK('71922745599335190')[0m
  [1m[35m (2.7ms)[0m  [1m[35mSET NAMES utf8mb4,  @@SESSION.sql_mode = CONCAT(CONCAT(@@sql_mode, ',STRICT_ALL_TABLES'), ',NO_AUTO_VALUE_ON_ZERO'),  @@SESSION.sql_auto_is_null = 0, @@SESSION.wait_timeout = 2147483[0m
  [1m[35m (0.9ms)[0m  [1m[34mSELECT `schema_migrations`.`version` FROM `schema_migrations` ORDER BY `schema_migrations`.`version` ASC[0m
  [1m[35m (0.5ms)[0m  [1m[35mSET NAMES utf8mb4,  @@SESSION.sql_mode = CONCAT(CONCAT(@@sql_mode, ',STRICT_ALL_TABLES'), ',NO_AUTO_VALUE_ON_ZERO'),  @@SESSION.sql_auto_is_null = 0, @@SESSION.wait_timeout = 2147483[0m
  [1m[35m (0.3ms)[0m  [1m[34mSELECT `schema_migrations`.`version` FROM `schema_migrations` ORDER BY `schema_migrations`.`version` ASC[0m
  [1m[35m (0.6ms)[0m  [1m[35mSET NAMES utf8mb4,  @@SESSION.sql_mode = CONCAT(CONCAT(@@sql_mode, ',STRICT_ALL_TABLES'), ',NO_AUTO_VALUE_ON_ZERO'),  @@SESSION.sql_auto_is_null = 0, @@SESSION.wait_timeout = 2147483[0m
  [1m[35m (0.2ms)[0m  [1m[34mSELECT GET_LOCK('71922745599335190', 0)[0m
  [1m[35m (0.3ms)[0m  [1m[34mSELECT `schema_migrations`.`version` FROM `schema_migrations` ORDER BY `schema_migrations`.`version` ASC[0m
Migrating to CreateQuestions (20200208092626)
  [1m[35m (24.9ms)[0m  [1m[35mCREATE TABLE `questions` (`id` bigint NOT NULL AUTO_INCREMENT PRIMARY KEY, `title` text, `description` text, `user_id` bigint NOT NULL, `created_at` datetime(6) NOT NULL, `updated_at` datetime(6) NOT NULL,  INDEX `index_questions_on_user_id`  (`user_id`), CONSTRAINT `fk_rails_047ab75908`
FOREIGN KEY (`user_id`)
  REFERENCES `users` (`id`)
)[0m
  [1m[35m (2.5ms)[0m  [1m[35mBEGIN[0m
  [1m[36mprimary::SchemaMigration Create (10.4ms)[0m  [1m[32mINSERT INTO `schema_migrations` (`version`) VALUES ('20200208092626')[0m
  [1m[35m (3.0ms)[0m  [1m[35mCOMMIT[0m
Migrating to CreateComments (20200208093322)
  [1m[35m (16.8ms)[0m  [1m[35mCREATE TABLE `comments` (`id` bigint NOT NULL AUTO_INCREMENT PRIMARY KEY, `body` text, `commentable_type` varchar(255) NOT NULL, `commentable_id` bigint NOT NULL, `created_at` datetime(6) NOT NULL, `updated_at` datetime(6) NOT NULL,  INDEX `index_comments_on_commentable_type_and_commentable_id`  (`commentable_type`, `commentable_id`))[0m
  [1m[35m (0.2ms)[0m  [1m[35mBEGIN[0m
  [1m[36mprimary::SchemaMigration Create (4.0ms)[0m  [1m[32mINSERT INTO `schema_migrations` (`version`) VALUES ('20200208093322')[0m
  [1m[35m (4.8ms)[0m  [1m[35mCOMMIT[0m
  [1m[36mActiveRecord::InternalMetadata Load (0.6ms)[0m  [1m[34mSELECT `ar_internal_metadata`.* FROM `ar_internal_metadata` WHERE `ar_internal_metadata`.`key` = 'environment' LIMIT 1[0m
  [1m[35m (3.9ms)[0m  [1m[34mSELECT RELEASE_LOCK('71922745599335190')[0m
  [1m[35m (0.5ms)[0m  [1m[35mSET NAMES utf8mb4,  @@SESSION.sql_mode = CONCAT(CONCAT(@@sql_mode, ',STRICT_ALL_TABLES'), ',NO_AUTO_VALUE_ON_ZERO'),  @@SESSION.sql_auto_is_null = 0, @@SESSION.wait_timeout = 2147483[0m
  [1m[35m (0.4ms)[0m  [1m[34mSELECT `schema_migrations`.`version` FROM `schema_migrations` ORDER BY `schema_migrations`.`version` ASC[0m
  [1m[35m (0.7ms)[0m  [1m[35mSET NAMES utf8mb4,  @@SESSION.sql_mode = CONCAT(CONCAT(@@sql_mode, ',STRICT_ALL_TABLES'), ',NO_AUTO_VALUE_ON_ZERO'),  @@SESSION.sql_auto_is_null = 0, @@SESSION.wait_timeout = 2147483[0m
  [1m[35m (0.3ms)[0m  [1m[34mSELECT `schema_migrations`.`version` FROM `schema_migrations` ORDER BY `schema_migrations`.`version` ASC[0m
  [1m[35m (0.2ms)[0m  [1m[35mSET NAMES utf8mb4,  @@SESSION.sql_mode = CONCAT(CONCAT(@@sql_mode, ',STRICT_ALL_TABLES'), ',NO_AUTO_VALUE_ON_ZERO'),  @@SESSION.sql_auto_is_null = 0, @@SESSION.wait_timeout = 2147483[0m
  [1m[35m (20.5ms)[0m  [1m[35mSET NAMES utf8mb4,  @@SESSION.sql_mode = CONCAT(CONCAT(@@sql_mode, ',STRICT_ALL_TABLES'), ',NO_AUTO_VALUE_ON_ZERO'),  @@SESSION.sql_auto_is_null = 0, @@SESSION.wait_timeout = 2147483[0m
  [1m[35m (0.4ms)[0m  [1m[34mSELECT `schema_migrations`.`version` FROM `schema_migrations` ORDER BY `schema_migrations`.`version` ASC[0m
  [1m[35m (0.3ms)[0m  [1m[35mSET NAMES utf8mb4,  @@SESSION.sql_mode = CONCAT(CONCAT(@@sql_mode, ',STRICT_ALL_TABLES'), ',NO_AUTO_VALUE_ON_ZERO'),  @@SESSION.sql_auto_is_null = 0, @@SESSION.wait_timeout = 2147483[0m
  [1m[35m (0.5ms)[0m  [1m[35mSET NAMES utf8mb4,  @@SESSION.sql_mode = CONCAT(CONCAT(@@sql_mode, ',STRICT_ALL_TABLES'), ',NO_AUTO_VALUE_ON_ZERO'),  @@SESSION.sql_auto_is_null = 0, @@SESSION.wait_timeout = 2147483[0m
  [1m[35m (0.1ms)[0m  [1m[34mSELECT GET_LOCK('71922745599335190', 0)[0m
  [1m[35m (0.3ms)[0m  [1m[34mSELECT `schema_migrations`.`version` FROM `schema_migrations` ORDER BY `schema_migrations`.`version` ASC[0m
Migrating to AddFieldToUsers (20200208102446)
  [1m[35m (57.7ms)[0m  [1m[35mALTER TABLE `users` ADD `name` text[0m
  [1m[35m (3.0ms)[0m  [1m[35mBEGIN[0m
  [1m[36mprimary::SchemaMigration Create (4.1ms)[0m  [1m[32mINSERT INTO `schema_migrations` (`version`) VALUES ('20200208102446')[0m
  [1m[35m (2.6ms)[0m  [1m[35mCOMMIT[0m
  [1m[36mActiveRecord::InternalMetadata Load (4.5ms)[0m  [1m[34mSELECT `ar_internal_metadata`.* FROM `ar_internal_metadata` WHERE `ar_internal_metadata`.`key` = 'environment' LIMIT 1[0m
  [1m[35m (6.2ms)[0m  [1m[34mSELECT RELEASE_LOCK('71922745599335190')[0m
  [1m[35m (0.5ms)[0m  [1m[35mSET NAMES utf8mb4,  @@SESSION.sql_mode = CONCAT(CONCAT(@@sql_mode, ',STRICT_ALL_TABLES'), ',NO_AUTO_VALUE_ON_ZERO'),  @@SESSION.sql_auto_is_null = 0, @@SESSION.wait_timeout = 2147483[0m
  [1m[35m (0.4ms)[0m  [1m[34mSELECT `schema_migrations`.`version` FROM `schema_migrations` ORDER BY `schema_migrations`.`version` ASC[0m
  [1m[35m (0.6ms)[0m  [1m[35mSET NAMES utf8mb4,  @@SESSION.sql_mode = CONCAT(CONCAT(@@sql_mode, ',STRICT_ALL_TABLES'), ',NO_AUTO_VALUE_ON_ZERO'),  @@SESSION.sql_auto_is_null = 0, @@SESSION.wait_timeout = 2147483[0m
  [1m[35m (0.3ms)[0m  [1m[34mSELECT `schema_migrations`.`version` FROM `schema_migrations` ORDER BY `schema_migrations`.`version` ASC[0m
  [1m[35m (0.3ms)[0m  [1m[35mSET NAMES utf8mb4,  @@SESSION.sql_mode = CONCAT(CONCAT(@@sql_mode, ',STRICT_ALL_TABLES'), ',NO_AUTO_VALUE_ON_ZERO'),  @@SESSION.sql_auto_is_null = 0, @@SESSION.wait_timeout = 2147483[0m
  [1m[35m (0.2ms)[0m  [1m[35mBEGIN[0m
  [1m[36mUser Exists? (0.4ms)[0m  [1m[34mSELECT 1 AS one FROM `users` WHERE `users`.`email` = BINARY 'venky.v2@gmail.com' LIMIT 1[0m
  [1m[36mUser Create (0.5ms)[0m  [1m[32mINSERT INTO `users` (`email`, `encrypted_password`, `created_at`, `updated_at`, `name`) VALUES ('venky.v2@gmail.com', '$2a$11$5XYLhFiVnSqjlGR8ycBXoup5IaNuPI7tm1ZiwyW8j6cEkyNHE1Vu6', '2020-02-08 10:25:15.875707', '2020-02-08 10:25:15.875707', 'Vyankatesh Madgundi')[0m
  [1m[35m (52.3ms)[0m  [1m[35mCOMMIT[0m
  [1m[35m (0.5ms)[0m  [1m[35mSET NAMES utf8mb4,  @@SESSION.sql_mode = CONCAT(CONCAT(@@sql_mode, ',STRICT_ALL_TABLES'), ',NO_AUTO_VALUE_ON_ZERO'),  @@SESSION.sql_auto_is_null = 0, @@SESSION.wait_timeout = 2147483[0m
  [1m[35m (0.5ms)[0m  [1m[34mSELECT `schema_migrations`.`version` FROM `schema_migrations` ORDER BY `schema_migrations`.`version` ASC[0m
  [1m[35m (0.3ms)[0m  [1m[35mSET NAMES utf8mb4,  @@SESSION.sql_mode = CONCAT(CONCAT(@@sql_mode, ',STRICT_ALL_TABLES'), ',NO_AUTO_VALUE_ON_ZERO'),  @@SESSION.sql_auto_is_null = 0, @@SESSION.wait_timeout = 2147483[0m
  [1m[35m (0.3ms)[0m  [1m[35mBEGIN[0m
  [1m[36mUser Exists? (0.3ms)[0m  [1m[34mSELECT 1 AS one FROM `users` WHERE `users`.`email` = BINARY 'venky.v2@gmail.com' LIMIT 1[0m
  [1m[36mUser Create (0.4ms)[0m  [1m[32mINSERT INTO `users` (`email`, `encrypted_password`, `created_at`, `updated_at`, `name`) VALUES ('venky.v2@gmail.com', '$2a$11$DiuRZzanBWgKwGSxqL4P1OoU3fySfpWTrX1R9PJ2eVpUv7QM4zmJC', '2020-02-08 10:30:54.842542', '2020-02-08 10:30:54.842542', 'Vyankatesh Madgundi')[0m
  [1m[35m (140.3ms)[0m  [1m[35mCOMMIT[0m
  [1m[35m (0.5ms)[0m  [1m[35mSET NAMES utf8mb4,  @@SESSION.sql_mode = CONCAT(CONCAT(@@sql_mode, ',STRICT_ALL_TABLES'), ',NO_AUTO_VALUE_ON_ZERO'),  @@SESSION.sql_auto_is_null = 0, @@SESSION.wait_timeout = 2147483[0m
  [1m[35m (0.5ms)[0m  [1m[34mSELECT `schema_migrations`.`version` FROM `schema_migrations` ORDER BY `schema_migrations`.`version` ASC[0m
  [1m[35m (0.3ms)[0m  [1m[35mSET NAMES utf8mb4,  @@SESSION.sql_mode = CONCAT(CONCAT(@@sql_mode, ',STRICT_ALL_TABLES'), ',NO_AUTO_VALUE_ON_ZERO'),  @@SESSION.sql_auto_is_null = 0, @@SESSION.wait_timeout = 2147483[0m
  [1m[35m (0.3ms)[0m  [1m[35mBEGIN[0m
  [1m[36mUser Exists? (0.3ms)[0m  [1m[34mSELECT 1 AS one FROM `users` WHERE `users`.`email` = BINARY 'venky.v2@gmail.com' LIMIT 1[0m
  [1m[36mUser Create (0.4ms)[0m  [1m[32mINSERT INTO `users` (`email`, `encrypted_password`, `created_at`, `updated_at`, `name`) VALUES ('venky.v2@gmail.com', '$2a$11$MWTKR3JZp5dYZ1SVrzAkZeloD.HU/q7XF9oTx8/kQpRsiZKLPkmGi', '2020-02-08 10:32:08.607647', '2020-02-08 10:32:08.607647', 'Vyankatesh Madgundi')[0m
  [1m[35m (52.9ms)[0m  [1m[35mCOMMIT[0m
  [1m[35m (0.2ms)[0m  [1m[35mBEGIN[0m
  [1m[36mQuestion Create (0.6ms)[0m  [1m[32mINSERT INTO `questions` (`title`, `user_id`, `created_at`, `updated_at`) VALUES ('How is rails doing?', 3, '2020-02-08 10:32:08.691512', '2020-02-08 10:32:08.691512')[0m
  [1m[35m (2.8ms)[0m  [1m[35mCOMMIT[0m
  [1m[35m (0.2ms)[0m  [1m[35mBEGIN[0m
  [1m[36mUser Exists? (0.6ms)[0m  [1m[34mSELECT 1 AS one FROM `users` WHERE `users`.`email` = BINARY 'venky_app@hotmail.com' LIMIT 1[0m
  [1m[36mUser Create (1.3ms)[0m  [1m[32mINSERT INTO `users` (`email`, `encrypted_password`, `created_at`, `updated_at`, `name`) VALUES ('venky_app@hotmail.com', '$2a$11$rEgJfr5NKXVGPSXnN64lRute5FUGinJTdT8QkYESC7ojerhCeWVt2', '2020-02-08 10:32:08.848692', '2020-02-08 10:32:08.848692', 'Ajay Arsud')[0m
  [1m[35m (2.3ms)[0m  [1m[35mCOMMIT[0m
  [1m[35m (0.2ms)[0m  [1m[35mBEGIN[0m
  [1m[36mQuestion Create (2.4ms)[0m  [1m[32mINSERT INTO `questions` (`title`, `user_id`, `created_at`, `updated_at`) VALUES ('What is new in Rails version 6?', 4, '2020-02-08 10:32:08.859186', '2020-02-08 10:32:08.859186')[0m
  [1m[35m (17.9ms)[0m  [1m[35mCOMMIT[0m
Started GET "/" for ::1 at 2020-02-08 16:16:16 +0530
  [1m[35m (0.8ms)[0m  [1m[35mSET NAMES utf8mb4,  @@SESSION.sql_mode = CONCAT(CONCAT(@@sql_mode, ',STRICT_ALL_TABLES'), ',NO_AUTO_VALUE_ON_ZERO'),  @@SESSION.sql_auto_is_null = 0, @@SESSION.wait_timeout = 2147483[0m
  [1m[35m (0.5ms)[0m  [1m[34mSELECT `schema_migrations`.`version` FROM `schema_migrations` ORDER BY `schema_migrations`.`version` ASC[0m
Processing by Rails::WelcomeController#index as HTML
  Rendering /home/venky/.rvm/gems/ruby-2.6.3/gems/railties-6.0.2.1/lib/rails/templates/rails/welcome/index.html.erb
  Rendered /home/venky/.rvm/gems/ruby-2.6.3/gems/railties-6.0.2.1/lib/rails/templates/rails/welcome/index.html.erb (Duration: 19.0ms | Allocations: 479)
Completed 200 OK in 74ms (Views: 38.7ms | ActiveRecord: 0.0ms | Allocations: 2731)


Started GET "/" for 127.0.0.1 at 2020-02-08 16:23:40 +0530
  [1m[35m (4.9ms)[0m  [1m[35mSET NAMES utf8mb4,  @@SESSION.sql_mode = CONCAT(CONCAT(@@sql_mode, ',STRICT_ALL_TABLES'), ',NO_AUTO_VALUE_ON_ZERO'),  @@SESSION.sql_auto_is_null = 0, @@SESSION.wait_timeout = 2147483[0m
  [1m[35m (2.4ms)[0m  [1m[34mSELECT `schema_migrations`.`version` FROM `schema_migrations` ORDER BY `schema_migrations`.`version` ASC[0m
Processing by Devise::SessionsController#new as HTML
  Rendering /home/venky/.rvm/gems/ruby-2.6.3/gems/devise-4.7.1/app/views/devise/sessions/new.html.erb within layouts/application
  Rendered /home/venky/.rvm/gems/ruby-2.6.3/gems/devise-4.7.1/app/views/devise/shared/_links.html.erb (Duration: 6.6ms | Allocations: 640)
  Rendered /home/venky/.rvm/gems/ruby-2.6.3/gems/devise-4.7.1/app/views/devise/sessions/new.html.erb within layouts/application (Duration: 92.7ms | Allocations: 9255)
[Webpacker] Compiling...
[Webpacker] Compiled all packs in /home/venky/spiceworks/online-forum/public/packs
[Webpacker] Hash: 32e57f147dbdcbbf0c82
Version: webpack 4.41.5
Time: 11422ms
Built at: 02/08/2020 4:23:59 PM
                                     Asset       Size       Chunks                         Chunk Names
    js/application-bbe9c4a129ab949e0636.js    124 KiB  application  [emitted] [immutable]  application
js/application-bbe9c4a129ab949e0636.js.map    139 KiB  application  [emitted] [dev]        application
                             manifest.json  364 bytes               [emitted]              
Entrypoint application = js/application-bbe9c4a129ab949e0636.js js/application-bbe9c4a129ab949e0636.js.map
[./app/javascript/channels sync recursive _channel\.js$] ./app/javascript/channels sync _channel\.js$ 160 bytes {application} [built]
[./app/javascript/channels/index.js] 211 bytes {application} [built]
[./app/javascript/packs/application.js] 749 bytes {application} [built]
[./node_modules/webpack/buildin/module.js] (webpack)/buildin/module.js 552 bytes {application} [built]
    + 3 hidden modules

Completed 200 OK in 18008ms (Views: 17932.3ms | ActiveRecord: 4.7ms | Allocations: 41674)


Started POST "/users/sign_in" for 127.0.0.1 at 2020-02-08 16:24:17 +0530
Processing by Devise::SessionsController#create as HTML
  Parameters: {"authenticity_token"=>"U8TzyOpjMe49I2egGoY1ExCUzq433jEyKq0A6HRDB2eog2rE+/3svhwrZwu3Zyjz8mkEfCbUwbxmYRt+TRJEpQ==", "user"=>{"email"=>"venky.v2@gmail.com", "password"=>"[FILTERED]", "remember_me"=>"1"}, "commit"=>"Log in"}
  [1m[36mUser Load (0.8ms)[0m  [1m[34mSELECT `users`.* FROM `users` WHERE `users`.`email` = 'venky.v2@gmail.com' ORDER BY `users`.`id` ASC LIMIT 1[0m
  [1m[35m (0.3ms)[0m  [1m[35mBEGIN[0m
  [1m[36mUser Update (0.7ms)[0m  [1m[33mUPDATE `users` SET `users`.`remember_created_at` = '2020-02-08 10:54:18', `users`.`updated_at` = '2020-02-08 10:54:18.319318' WHERE `users`.`id` = 3[0m
  [1m[35m (4.4ms)[0m  [1m[35mCOMMIT[0m
Redirected to http://localhost:3000/
Completed 302 Found in 488ms (ActiveRecord: 6.1ms | Allocations: 11016)


Started GET "/" for 127.0.0.1 at 2020-02-08 16:24:18 +0530
Processing by Devise::SessionsController#new as HTML
  [1m[36mUser Load (0.5ms)[0m  [1m[34mSELECT `users`.* FROM `users` WHERE `users`.`id` = 3 ORDER BY `users`.`id` ASC LIMIT 1[0m
Redirected to http://localhost:3000/
Filter chain halted as :require_no_authentication rendered or redirected
Completed 302 Found in 66ms (ActiveRecord: 0.5ms | Allocations: 1786)


Started GET "/" for 127.0.0.1 at 2020-02-08 16:24:18 +0530
Processing by Devise::SessionsController#new as HTML
  [1m[36mUser Load (2.4ms)[0m  [1m[34mSELECT `users`.* FROM `users` WHERE `users`.`id` = 3 ORDER BY `users`.`id` ASC LIMIT 1[0m
Redirected to http://localhost:3000/
Filter chain halted as :require_no_authentication rendered or redirected
Completed 302 Found in 24ms (ActiveRecord: 2.4ms | Allocations: 1770)


Started GET "/" for 127.0.0.1 at 2020-02-08 16:24:18 +0530
Processing by Devise::SessionsController#new as HTML
  [1m[36mUser Load (2.3ms)[0m  [1m[34mSELECT `users`.* FROM `users` WHERE `users`.`id` = 3 ORDER BY `users`.`id` ASC LIMIT 1[0m
Redirected to http://localhost:3000/
Filter chain halted as :require_no_authentication rendered or redirected
Completed 302 Found in 16ms (ActiveRecord: 2.3ms | Allocations: 1766)


Started GET "/" for 127.0.0.1 at 2020-02-08 16:24:18 +0530
Processing by Devise::SessionsController#new as HTML
  [1m[36mUser Load (2.1ms)[0m  [1m[34mSELECT `users`.* FROM `users` WHERE `users`.`id` = 3 ORDER BY `users`.`id` ASC LIMIT 1[0m
Redirected to http://localhost:3000/
Filter chain halted as :require_no_authentication rendered or redirected
Completed 302 Found in 16ms (ActiveRecord: 2.1ms | Allocations: 1763)


Started GET "/" for 127.0.0.1 at 2020-02-08 16:24:18 +0530
Processing by Devise::SessionsController#new as HTML
  [1m[36mUser Load (3.5ms)[0m  [1m[34mSELECT `users`.* FROM `users` WHERE `users`.`id` = 3 ORDER BY `users`.`id` ASC LIMIT 1[0m
Redirected to http://localhost:3000/
Filter chain halted as :require_no_authentication rendered or redirected
Completed 302 Found in 21ms (ActiveRecord: 3.5ms | Allocations: 1772)


Started GET "/" for 127.0.0.1 at 2020-02-08 16:24:18 +0530
Processing by Devise::SessionsController#new as HTML
  [1m[36mUser Load (1.9ms)[0m  [1m[34mSELECT `users`.* FROM `users` WHERE `users`.`id` = 3 ORDER BY `users`.`id` ASC LIMIT 1[0m
Redirected to http://localhost:3000/
Filter chain halted as :require_no_authentication rendered or redirected
Completed 302 Found in 12ms (ActiveRecord: 1.9ms | Allocations: 1768)


Started GET "/" for 127.0.0.1 at 2020-02-08 16:24:18 +0530
Processing by Devise::SessionsController#new as HTML
  [1m[36mUser Load (2.5ms)[0m  [1m[34mSELECT `users`.* FROM `users` WHERE `users`.`id` = 3 ORDER BY `users`.`id` ASC LIMIT 1[0m
Redirected to http://localhost:3000/
Filter chain halted as :require_no_authentication rendered or redirected
Completed 302 Found in 22ms (ActiveRecord: 2.5ms | Allocations: 1764)


Started GET "/" for 127.0.0.1 at 2020-02-08 16:24:18 +0530
Processing by Devise::SessionsController#new as HTML
  [1m[36mUser Load (1.8ms)[0m  [1m[34mSELECT `users`.* FROM `users` WHERE `users`.`id` = 3 ORDER BY `users`.`id` ASC LIMIT 1[0m
Redirected to http://localhost:3000/
Filter chain halted as :require_no_authentication rendered or redirected
Completed 302 Found in 25ms (ActiveRecord: 1.8ms | Allocations: 1767)


Started GET "/" for 127.0.0.1 at 2020-02-08 16:24:18 +0530
Processing by Devise::SessionsController#new as HTML
  [1m[36mUser Load (3.9ms)[0m  [1m[34mSELECT `users`.* FROM `users` WHERE `users`.`id` = 3 ORDER BY `users`.`id` ASC LIMIT 1[0m
Redirected to http://localhost:3000/
Filter chain halted as :require_no_authentication rendered or redirected
Completed 302 Found in 25ms (ActiveRecord: 3.9ms | Allocations: 1764)


Started GET "/" for 127.0.0.1 at 2020-02-08 16:24:18 +0530
Processing by Devise::SessionsController#new as HTML
  [1m[36mUser Load (1.0ms)[0m  [1m[34mSELECT `users`.* FROM `users` WHERE `users`.`id` = 3 ORDER BY `users`.`id` ASC LIMIT 1[0m
Redirected to http://localhost:3000/
Filter chain halted as :require_no_authentication rendered or redirected
Completed 302 Found in 28ms (ActiveRecord: 1.0ms | Allocations: 1775)


Started GET "/" for 127.0.0.1 at 2020-02-08 16:24:19 +0530
Processing by Devise::SessionsController#new as HTML
  [1m[36mUser Load (3.1ms)[0m  [1m[34mSELECT `users`.* FROM `users` WHERE `users`.`id` = 3 ORDER BY `users`.`id` ASC LIMIT 1[0m
Redirected to http://localhost:3000/
Filter chain halted as :require_no_authentication rendered or redirected
Completed 302 Found in 25ms (ActiveRecord: 3.1ms | Allocations: 1762)


Started GET "/" for 127.0.0.1 at 2020-02-08 16:24:19 +0530
Processing by Devise::SessionsController#new as HTML
  [1m[36mUser Load (2.1ms)[0m  [1m[34mSELECT `users`.* FROM `users` WHERE `users`.`id` = 3 ORDER BY `users`.`id` ASC LIMIT 1[0m
Redirected to http://localhost:3000/
Filter chain halted as :require_no_authentication rendered or redirected
Completed 302 Found in 32ms (ActiveRecord: 2.1ms | Allocations: 1764)


Started GET "/" for 127.0.0.1 at 2020-02-08 16:24:19 +0530
Processing by Devise::SessionsController#new as HTML
  [1m[36mUser Load (0.5ms)[0m  [1m[34mSELECT `users`.* FROM `users` WHERE `users`.`id` = 3 ORDER BY `users`.`id` ASC LIMIT 1[0m
Redirected to http://localhost:3000/
Filter chain halted as :require_no_authentication rendered or redirected
Completed 302 Found in 23ms (ActiveRecord: 0.5ms | Allocations: 1763)


Started GET "/" for 127.0.0.1 at 2020-02-08 16:24:19 +0530
Processing by Devise::SessionsController#new as HTML
  [1m[36mUser Load (3.8ms)[0m  [1m[34mSELECT `users`.* FROM `users` WHERE `users`.`id` = 3 ORDER BY `users`.`id` ASC LIMIT 1[0m
Redirected to http://localhost:3000/
Filter chain halted as :require_no_authentication rendered or redirected
Completed 302 Found in 28ms (ActiveRecord: 3.8ms | Allocations: 1768)


Started GET "/" for 127.0.0.1 at 2020-02-08 16:24:19 +0530
Processing by Devise::SessionsController#new as HTML
  [1m[36mUser Load (5.9ms)[0m  [1m[34mSELECT `users`.* FROM `users` WHERE `users`.`id` = 3 ORDER BY `users`.`id` ASC LIMIT 1[0m
Redirected to http://localhost:3000/
Filter chain halted as :require_no_authentication rendered or redirected
Completed 302 Found in 22ms (ActiveRecord: 5.9ms | Allocations: 1765)


Started GET "/" for 127.0.0.1 at 2020-02-08 16:24:19 +0530
Processing by Devise::SessionsController#new as HTML
  [1m[36mUser Load (0.5ms)[0m  [1m[34mSELECT `users`.* FROM `users` WHERE `users`.`id` = 3 ORDER BY `users`.`id` ASC LIMIT 1[0m
Redirected to http://localhost:3000/
Filter chain halted as :require_no_authentication rendered or redirected
Completed 302 Found in 12ms (ActiveRecord: 0.5ms | Allocations: 1767)


Started GET "/" for 127.0.0.1 at 2020-02-08 16:24:19 +0530
Processing by Devise::SessionsController#new as HTML
  [1m[36mUser Load (2.2ms)[0m  [1m[34mSELECT `users`.* FROM `users` WHERE `users`.`id` = 3 ORDER BY `users`.`id` ASC LIMIT 1[0m
Redirected to http://localhost:3000/
Filter chain halted as :require_no_authentication rendered or redirected
Completed 302 Found in 16ms (ActiveRecord: 2.2ms | Allocations: 1768)


Started GET "/" for 127.0.0.1 at 2020-02-08 16:24:19 +0530
Processing by Devise::SessionsController#new as HTML
  [1m[36mUser Load (2.5ms)[0m  [1m[34mSELECT `users`.* FROM `users` WHERE `users`.`id` = 3 ORDER BY `users`.`id` ASC LIMIT 1[0m
Redirected to http://localhost:3000/
Filter chain halted as :require_no_authentication rendered or redirected
Completed 302 Found in 40ms (ActiveRecord: 2.5ms | Allocations: 1768)


Started GET "/" for 127.0.0.1 at 2020-02-08 16:24:19 +0530
Processing by Devise::SessionsController#new as HTML
  [1m[36mUser Load (0.5ms)[0m  [1m[34mSELECT `users`.* FROM `users` WHERE `users`.`id` = 3 ORDER BY `users`.`id` ASC LIMIT 1[0m
Redirected to http://localhost:3000/
Filter chain halted as :require_no_authentication rendered or redirected
Completed 302 Found in 17ms (ActiveRecord: 0.5ms | Allocations: 1769)


Started GET "/" for 127.0.0.1 at 2020-02-08 16:24:19 +0530
Processing by Devise::SessionsController#new as HTML
  [1m[36mUser Load (3.2ms)[0m  [1m[34mSELECT `users`.* FROM `users` WHERE `users`.`id` = 3 ORDER BY `users`.`id` ASC LIMIT 1[0m
Redirected to http://localhost:3000/
Filter chain halted as :require_no_authentication rendered or redirected
Completed 302 Found in 16ms (ActiveRecord: 3.2ms | Allocations: 1779)


Started GET "/" for 127.0.0.1 at 2020-02-08 16:31:40 +0530
  [1m[35m (0.6ms)[0m  [1m[35mSET NAMES utf8mb4,  @@SESSION.sql_mode = CONCAT(CONCAT(@@sql_mode, ',STRICT_ALL_TABLES'), ',NO_AUTO_VALUE_ON_ZERO'),  @@SESSION.sql_auto_is_null = 0, @@SESSION.wait_timeout = 2147483[0m
  [1m[35m (1.3ms)[0m  [1m[34mSELECT `schema_migrations`.`version` FROM `schema_migrations` ORDER BY `schema_migrations`.`version` ASC[0m
Processing by Devise::SessionsController#new as HTML
  [1m[36mUser Load (0.6ms)[0m  [1m[34mSELECT `users`.* FROM `users` WHERE `users`.`id` = 3 ORDER BY `users`.`id` ASC LIMIT 1[0m
Redirected to http://localhost:3000/questions
Filter chain halted as :require_no_authentication rendered or redirected
Completed 302 Found in 86ms (ActiveRecord: 8.1ms | Allocations: 10017)


Started GET "/questions" for 127.0.0.1 at 2020-02-08 16:31:40 +0530
Processing by QuestionsController#index as HTML
  [1m[36mUser Load (2.0ms)[0m  [1m[34mSELECT `users`.* FROM `users` WHERE `users`.`id` = 3 ORDER BY `users`.`id` ASC LIMIT 1[0m
  Rendering questions/index.html.erb within layouts/application
  [1m[36mQuestion Load (11.3ms)[0m  [1m[34mSELECT `questions`.* FROM `questions`[0m
  ↳ app/views/questions/index.html.erb:16
  Rendered questions/index.html.erb within layouts/application (Duration: 103.8ms | Allocations: 5046)
[Webpacker] Everything's up-to-date. Nothing to do
Completed 200 OK in 191ms (Views: 139.1ms | ActiveRecord: 21.7ms | Allocations: 15744)


